{"timestamp":"2025-10-07T02:18:11.175642Z","level":"info","event":"DAG bundles loaded: dags-folder, example_dags","logger":"airflow.dag_processing.bundles.manager.DagBundlesManager","filename":"manager.py","lineno":179}
{"timestamp":"2025-10-07T02:18:11.176005Z","level":"info","event":"Filling up the DagBag from /opt/airflow/dags/airflow.py","logger":"airflow.models.dagbag.DagBag","filename":"dagbag.py","lineno":593}
{"timestamp":"2025-10-07T02:18:12.344968Z","level":"info","event":"Task instance is in running state","logger":"task.stdout"}
{"timestamp":"2025-10-07T02:18:12.345104Z","level":"info","event":" Previous state of the Task instance: TaskInstanceState.QUEUED","logger":"task.stdout"}
{"timestamp":"2025-10-07T02:18:12.345183Z","level":"info","event":"Current task name:load_data","logger":"task.stdout"}
{"timestamp":"2025-10-07T02:18:12.345266Z","level":"info","event":"Dag name:wine_classification","logger":"task.stdout"}
{"timestamp":"2025-10-07T02:18:12.347378Z","level":"info","event":"Columns in the dataset: Index(['alcohol', 'malic_acid', 'ash', 'alcalinity_of_ash', 'magnesium',","logger":"task.stdout"}
{"timestamp":"2025-10-07T02:18:12.347446Z","level":"info","event":"       'total_phenols', 'flavanoids', 'nonflavanoid_phenols',","logger":"task.stdout"}
{"timestamp":"2025-10-07T02:18:12.347490Z","level":"info","event":"       'proanthocyanins', 'color_intensity', 'hue',","logger":"task.stdout"}
{"timestamp":"2025-10-07T02:18:12.347531Z","level":"info","event":"       'od280/od315_of_diluted_wines', 'proline', 'target'],","logger":"task.stdout"}
{"timestamp":"2025-10-07T02:18:12.347569Z","level":"info","event":"      dtype='object')","logger":"task.stdout"}
{"timestamp":"2025-10-07T02:18:12.347607Z","level":"info","event":"First few rows of the dataset:","logger":"task.stdout"}
{"timestamp":"2025-10-07T02:18:12.354641Z","level":"info","event":"   alcohol  malic_acid   ash  ...  od280/od315_of_diluted_wines  proline  target","logger":"task.stdout"}
{"timestamp":"2025-10-07T02:18:12.356942Z","level":"info","event":"0    14.23        1.71  2.43  ...                          3.92   1065.0       0","logger":"task.stdout"}
{"timestamp":"2025-10-07T02:18:12.357035Z","level":"info","event":"1    13.20        1.78  2.14  ...                          3.40   1050.0       0","logger":"task.stdout"}
{"timestamp":"2025-10-07T02:18:12.357080Z","level":"info","event":"2    13.16        2.36  2.67  ...                          3.17   1185.0       0","logger":"task.stdout"}
{"timestamp":"2025-10-07T02:18:12.357116Z","level":"info","event":"3    14.37        1.95  2.50  ...                          3.45   1480.0       0","logger":"task.stdout"}
{"timestamp":"2025-10-07T02:18:12.357813Z","level":"info","event":"4    13.24        2.59  2.87  ...                          2.93    735.0       0","logger":"task.stdout"}
{"timestamp":"2025-10-07T02:18:12.358211Z","level":"info","event":"","logger":"task.stdout"}
{"timestamp":"2025-10-07T02:18:12.358504Z","level":"info","event":"[5 rows x 14 columns]","logger":"task.stdout"}
{"timestamp":"2025-10-07T02:18:12.361358Z","level":"info","event":"Done. Returned value was: (     alcohol  malic_acid   ash  ...   hue  od280/od315_of_diluted_wines  proline\n0      14.23        1.71  2.43  ...  1.04                          3.92   1065.0\n1      13.20        1.78  2.14  ...  1.05                          3.40   1050.0\n2      13.16        2.36  2.67  ...  1.03                          3.17   1185.0\n3      14.37        1.95  2.50  ...  0.86                          3.45   1480.0\n4      13.24        2.59  2.87  ...  1.04                          2.93    735.0\n..       ...         ...   ...  ...   ...                           ...      ...\n173    13.71        5.65  2.45  ...  0.64                          1.74    740.0\n174    13.40        3.91  2.48  ...  0.70                          1.56    750.0\n175    13.27        4.28  2.26  ...  0.59                          1.56    835.0\n176    13.17        2.59  2.37  ...  0.60                          1.62    840.0\n177    14.13        4.10  2.74  ...  0.61                          1.60    560.0\n\n[178 rows x 13 columns], 0      0\n1      0\n2      0\n3      0\n4      0\n      ..\n173    2\n174    2\n175    2\n176    2\n177    2\nName: target, Length: 178, dtype: int64)","logger":"airflow.task.operators.airflow.providers.standard.operators.python.PythonOperator","filename":"python.py","lineno":218}
{"timestamp":"2025-10-07T02:18:12.361497Z","level":"info","event":"Pushing xcom","ti":"RuntimeTaskInstance(id=UUID('0199bc76-3bd0-73bb-8274-c16455e2f0ee'), task_id='load_data', dag_id='wine_classification', run_id='manual__2025-10-07T02:18:09.219926+00:00', try_number=1, dag_version_id=UUID('0199bc71-a9f3-7154-9640-9b994ce6872f'), map_index=-1, hostname='ce6ad4c83fb6', context_carrier={}, task=<Task(PythonOperator): load_data>, bundle_instance=LocalDagBundle(name=dags-folder), max_tries=0, start_date=datetime.datetime(2025, 10, 7, 2, 18, 9, 874021, tzinfo=datetime.timezone.utc), end_date=None, state=<TaskInstanceState.RUNNING: 'running'>, is_mapped=False, rendered_map_index=None)","logger":"task","filename":"task_runner.py","lineno":1352}
{"timestamp":"2025-10-07T02:18:12.385056Z","level":"error","event":"Task failed with exception","logger":"task","filename":"task_runner.py","lineno":994,"error_detail":[{"exc_type":"TypeError","exc_value":"cannot serialize object of type <class 'pandas.core.series.Series'>","exc_notes":[],"syntax_error":null,"is_cause":false,"frames":[{"filename":"/home/airflow/.local/lib/python3.12/site-packages/airflow/sdk/execution_time/task_runner.py","lineno":931,"name":"run"},{"filename":"/home/airflow/.local/lib/python3.12/site-packages/airflow/sdk/execution_time/task_runner.py","lineno":1369,"name":"_push_xcom_if_needed"},{"filename":"/home/airflow/.local/lib/python3.12/site-packages/airflow/sdk/execution_time/task_runner.py","lineno":579,"name":"_xcom_push"},{"filename":"/home/airflow/.local/lib/python3.12/site-packages/airflow/sdk/bases/xcom.py","lineno":77,"name":"set"},{"filename":"/home/airflow/.local/lib/python3.12/site-packages/airflow/sdk/bases/xcom.py","lineno":339,"name":"serialize_value"},{"filename":"/home/airflow/.local/lib/python3.12/site-packages/airflow/serialization/serde.py","lineno":153,"name":"serialize"},{"filename":"/home/airflow/.local/lib/python3.12/site-packages/airflow/serialization/serde.py","lineno":124,"name":"serialize"},{"filename":"/home/airflow/.local/lib/python3.12/site-packages/airflow/serialization/serde.py","lineno":193,"name":"serialize"}],"is_group":false,"exceptions":[]}]}
{"timestamp":"2025-10-07T02:18:12.386095Z","level":"info","event":"Task instance in failure state","logger":"task.stdout"}
{"timestamp":"2025-10-07T02:18:12.386191Z","level":"info","event":"Task start","logger":"task.stdout"}
{"timestamp":"2025-10-07T02:18:12.386250Z","level":"info","event":"Task:<Task(PythonOperator): load_data>","logger":"task.stdout"}
{"timestamp":"2025-10-07T02:18:12.386288Z","level":"info","event":"Failure caused by cannot serialize object of type <class 'pandas.core.series.Series'>","logger":"task.stdout"}
